<?xml version="1.0" encoding="UTF-8"?>
<testng-results ignored="0" total="2" passed="2" failed="0" skipped="0">
  <reporter-output>
  </reporter-output>
  <suite started-at="2024-01-07T14:37:31 IST" name="Default suite" finished-at="2024-01-07T14:37:38 IST" duration-ms="7094">
    <groups>
    </groups>
    <test started-at="2024-01-07T14:37:31 IST" name="Default test" finished-at="2024-01-07T14:37:38 IST" duration-ms="7094">
      <class name="testScripts.Annotations">
        <test-method is-config="true" signature="annotation_Before_Suite()[pri:0, instance:testScripts.Annotations@3e58a80e]" started-at="2024-01-07T14:37:30 IST" name="annotation_Before_Suite" finished-at="2024-01-07T14:37:31 IST" duration-ms="8" status="PASS">
          <reporter-output>
          </reporter-output>
        </test-method> <!-- annotation_Before_Suite -->
        <test-method is-config="true" signature="annotation_Before_Test()[pri:0, instance:testScripts.Annotations@3e58a80e]" started-at="2024-01-07T14:37:31 IST" name="annotation_Before_Test" finished-at="2024-01-07T14:37:31 IST" duration-ms="0" status="PASS">
          <reporter-output>
          </reporter-output>
        </test-method> <!-- annotation_Before_Test -->
        <test-method is-config="true" signature="annotation_Before_class()[pri:0, instance:testScripts.Annotations@3e58a80e]" started-at="2024-01-07T14:37:31 IST" name="annotation_Before_class" finished-at="2024-01-07T14:37:31 IST" duration-ms="0" status="PASS">
          <reporter-output>
          </reporter-output>
        </test-method> <!-- annotation_Before_class -->
        <test-method is-config="true" signature="initializeBrowser()[pri:0, instance:testScripts.Annotations@3e58a80e]" started-at="2024-01-07T14:37:31 IST" name="initializeBrowser" finished-at="2024-01-07T14:37:35 IST" duration-ms="4071" status="PASS">
          <reporter-output>
          </reporter-output>
        </test-method> <!-- initializeBrowser -->
        <test-method is-config="true" signature="annotation_Before_Method()[pri:0, instance:testScripts.Annotations@3e58a80e]" started-at="2024-01-07T14:37:35 IST" name="annotation_Before_Method" finished-at="2024-01-07T14:37:35 IST" duration-ms="0" status="PASS">
          <reporter-output>
          </reporter-output>
        </test-method> <!-- annotation_Before_Method -->
        <test-method signature="annotation_test()[pri:0, instance:testScripts.Annotations@3e58a80e]" started-at="2024-01-07T14:37:35 IST" name="annotation_test" finished-at="2024-01-07T14:37:35 IST" duration-ms="4" status="PASS">
          <reporter-output>
          </reporter-output>
        </test-method> <!-- annotation_test -->
        <test-method is-config="true" signature="annotation_After_Method()[pri:0, instance:testScripts.Annotations@3e58a80e]" started-at="2024-01-07T14:37:35 IST" name="annotation_After_Method" finished-at="2024-01-07T14:37:35 IST" duration-ms="1" status="PASS">
          <reporter-output>
          </reporter-output>
        </test-method> <!-- annotation_After_Method -->
        <test-method is-config="true" signature="driverQuit()[pri:0, instance:testScripts.Annotations@3e58a80e]" started-at="2024-01-07T14:37:35 IST" name="driverQuit" finished-at="2024-01-07T14:37:35 IST" duration-ms="105" status="PASS">
          <reporter-output>
          </reporter-output>
        </test-method> <!-- driverQuit -->
        <test-method is-config="true" signature="initializeBrowser()[pri:0, instance:testScripts.Annotations@3e58a80e]" started-at="2024-01-07T14:37:35 IST" name="initializeBrowser" finished-at="2024-01-07T14:37:37 IST" duration-ms="2740" status="PASS">
          <reporter-output>
          </reporter-output>
        </test-method> <!-- initializeBrowser -->
        <test-method signature="annotation_test2()[pri:0, instance:testScripts.Annotations@3e58a80e]" started-at="2024-01-07T14:37:37 IST" name="annotation_test2" finished-at="2024-01-07T14:37:37 IST" duration-ms="1" status="PASS">
          <reporter-output>
          </reporter-output>
        </test-method> <!-- annotation_test2 -->
        <test-method is-config="true" signature="annotation_Before_Method()[pri:0, instance:testScripts.Annotations@3e58a80e]" started-at="2024-01-07T14:37:37 IST" name="annotation_Before_Method" finished-at="2024-01-07T14:37:37 IST" duration-ms="0" status="PASS">
          <reporter-output>
          </reporter-output>
        </test-method> <!-- annotation_Before_Method -->
        <test-method is-config="true" signature="annotation_After_Method()[pri:0, instance:testScripts.Annotations@3e58a80e]" started-at="2024-01-07T14:37:37 IST" name="annotation_After_Method" finished-at="2024-01-07T14:37:37 IST" duration-ms="0" status="PASS">
          <reporter-output>
          </reporter-output>
        </test-method> <!-- annotation_After_Method -->
        <test-method is-config="true" signature="driverQuit()[pri:0, instance:testScripts.Annotations@3e58a80e]" started-at="2024-01-07T14:37:37 IST" name="driverQuit" finished-at="2024-01-07T14:37:38 IST" duration-ms="134" status="PASS">
          <reporter-output>
          </reporter-output>
        </test-method> <!-- driverQuit -->
        <test-method is-config="true" signature="annotation_After_class()[pri:0, instance:testScripts.Annotations@3e58a80e]" started-at="2024-01-07T14:37:38 IST" name="annotation_After_class" finished-at="2024-01-07T14:37:38 IST" duration-ms="0" status="PASS">
          <reporter-output>
          </reporter-output>
        </test-method> <!-- annotation_After_class -->
        <test-method is-config="true" signature="annotation_After_Test()[pri:0, instance:testScripts.Annotations@3e58a80e]" started-at="2024-01-07T14:37:38 IST" name="annotation_After_Test" finished-at="2024-01-07T14:37:38 IST" duration-ms="0" status="PASS">
          <reporter-output>
          </reporter-output>
        </test-method> <!-- annotation_After_Test -->
        <test-method is-config="true" signature="annotation_After_Suite()[pri:0, instance:testScripts.Annotations@3e58a80e]" started-at="2024-01-07T14:37:38 IST" name="annotation_After_Suite" finished-at="2024-01-07T14:37:38 IST" duration-ms="1" status="PASS">
          <reporter-output>
          </reporter-output>
        </test-method> <!-- annotation_After_Suite -->
      </class> <!-- testScripts.Annotations -->
    </test> <!-- Default test -->
  </suite> <!-- Default suite -->
</testng-results>
